ERROR - 2022-10-27 13:11:26 --> Error connecting to the database: ErrorException: mysqli::real_connect(): php_network_getaddresses: getaddrinfo failed: Host desconocido.  in C:\xampp\htdocs\PROYECTO\backend\vendor\codeigniter4\framework\system\Database\MySQLi\Connection.php:171
Stack trace:
#0 [internal function]: CodeIgniter\Debug\Exceptions->errorHandler(2, 'mysqli::real_co...', 'C:\\xampp\\htdocs...', 171)
#1 C:\xampp\htdocs\PROYECTO\backend\vendor\codeigniter4\framework\system\Database\MySQLi\Connection.php(171): mysqli->real_connect('mysql', 'root', '', 'banco-de-tiempo', 3306, '', 0)
#2 C:\xampp\htdocs\PROYECTO\backend\vendor\codeigniter4\framework\system\Database\BaseConnection.php(382): CodeIgniter\Database\MySQLi\Connection->connect(false)
#3 C:\xampp\htdocs\PROYECTO\backend\vendor\codeigniter4\framework\system\Database\BaseConnection.php(588): CodeIgniter\Database\BaseConnection->initialize()
#4 C:\xampp\htdocs\PROYECTO\backend\vendor\codeigniter4\framework\system\Database\BaseConnection.php(1387): CodeIgniter\Database\BaseConnection->query('SHOW TABLES FRO...')
#5 C:\xampp\htdocs\PROYECTO\backend\vendor\codeigniter4\framework\system\Database\BaseConnection.php(1421): CodeIgniter\Database\BaseConnection->listTables()
#6 C:\xampp\htdocs\PROYECTO\backend\vendor\codeigniter4\framework\system\Database\MigrationRunner.php(759): CodeIgniter\Database\BaseConnection->tableExists('migrations')
#7 C:\xampp\htdocs\PROYECTO\backend\vendor\codeigniter4\framework\system\Database\MigrationRunner.php(639): CodeIgniter\Database\MigrationRunner->ensureTable()
#8 C:\xampp\htdocs\PROYECTO\backend\vendor\codeigniter4\framework\system\Commands\Database\MigrateStatus.php(112): CodeIgniter\Database\MigrationRunner->getHistory('')
#9 C:\xampp\htdocs\PROYECTO\backend\vendor\codeigniter4\framework\system\CLI\Commands.php(63): CodeIgniter\Commands\Database\MigrateStatus->run(Array)
#10 C:\xampp\htdocs\PROYECTO\backend\vendor\codeigniter4\framework\system\CLI\CommandRunner.php(65): CodeIgniter\CLI\Commands->run('migrate:status', Array)
#11 C:\xampp\htdocs\PROYECTO\backend\vendor\codeigniter4\framework\system\CLI\CommandRunner.php(51): CodeIgniter\CLI\CommandRunner->index(Array)
#12 C:\xampp\htdocs\PROYECTO\backend\vendor\codeigniter4\framework\system\CodeIgniter.php(895): CodeIgniter\CLI\CommandRunner->_remap('index', Array)
#13 C:\xampp\htdocs\PROYECTO\backend\vendor\codeigniter4\framework\system\CodeIgniter.php(457): CodeIgniter\CodeIgniter->runController(Object(CodeIgniter\CLI\CommandRunner))
#14 C:\xampp\htdocs\PROYECTO\backend\vendor\codeigniter4\framework\system\CodeIgniter.php(336): CodeIgniter\CodeIgniter->handleRequest(NULL, Object(Config\Cache), false)
#15 C:\xampp\htdocs\PROYECTO\backend\vendor\codeigniter4\framework\system\CLI\Console.php(48): CodeIgniter\CodeIgniter->run()
#16 C:\xampp\htdocs\PROYECTO\backend\spark(98): CodeIgniter\CLI\Console->run()
#17 {main}

Next mysqli_sql_exception: php_network_getaddresses: getaddrinfo failed: Host desconocido.  in C:\xampp\htdocs\PROYECTO\backend\vendor\codeigniter4\framework\system\Database\MySQLi\Connection.php:171
Stack trace:
#0 C:\xampp\htdocs\PROYECTO\backend\vendor\codeigniter4\framework\system\Database\MySQLi\Connection.php(171): mysqli->real_connect('mysql', 'root', '', 'banco-de-tiempo', 3306, '', 0)
#1 C:\xampp\htdocs\PROYECTO\backend\vendor\codeigniter4\framework\system\Database\BaseConnection.php(382): CodeIgniter\Database\MySQLi\Connection->connect(false)
#2 C:\xampp\htdocs\PROYECTO\backend\vendor\codeigniter4\framework\system\Database\BaseConnection.php(588): CodeIgniter\Database\BaseConnection->initialize()
#3 C:\xampp\htdocs\PROYECTO\backend\vendor\codeigniter4\framework\system\Database\BaseConnection.php(1387): CodeIgniter\Database\BaseConnection->query('SHOW TABLES FRO...')
#4 C:\xampp\htdocs\PROYECTO\backend\vendor\codeigniter4\framework\system\Database\BaseConnection.php(1421): CodeIgniter\Database\BaseConnection->listTables()
#5 C:\xampp\htdocs\PROYECTO\backend\vendor\codeigniter4\framework\system\Database\MigrationRunner.php(759): CodeIgniter\Database\BaseConnection->tableExists('migrations')
#6 C:\xampp\htdocs\PROYECTO\backend\vendor\codeigniter4\framework\system\Database\MigrationRunner.php(639): CodeIgniter\Database\MigrationRunner->ensureTable()
#7 C:\xampp\htdocs\PROYECTO\backend\vendor\codeigniter4\framework\system\Commands\Database\MigrateStatus.php(112): CodeIgniter\Database\MigrationRunner->getHistory('')
#8 C:\xampp\htdocs\PROYECTO\backend\vendor\codeigniter4\framework\system\CLI\Commands.php(63): CodeIgniter\Commands\Database\MigrateStatus->run(Array)
#9 C:\xampp\htdocs\PROYECTO\backend\vendor\codeigniter4\framework\system\CLI\CommandRunner.php(65): CodeIgniter\CLI\Commands->run('migrate:status', Array)
#10 C:\xampp\htdocs\PROYECTO\backend\vendor\codeigniter4\framework\system\CLI\CommandRunner.php(51): CodeIgniter\CLI\CommandRunner->index(Array)
#11 C:\xampp\htdocs\PROYECTO\backend\vendor\codeigniter4\framework\system\CodeIgniter.php(895): CodeIgniter\CLI\CommandRunner->_remap('index', Array)
#12 C:\xampp\htdocs\PROYECTO\backend\vendor\codeigniter4\framework\system\CodeIgniter.php(457): CodeIgniter\CodeIgniter->runController(Object(CodeIgniter\CLI\CommandRunner))
#13 C:\xampp\htdocs\PROYECTO\backend\vendor\codeigniter4\framework\system\CodeIgniter.php(336): CodeIgniter\CodeIgniter->handleRequest(NULL, Object(Config\Cache), false)
#14 C:\xampp\htdocs\PROYECTO\backend\vendor\codeigniter4\framework\system\CLI\Console.php(48): CodeIgniter\CodeIgniter->run()
#15 C:\xampp\htdocs\PROYECTO\backend\spark(98): CodeIgniter\CLI\Console->run()
#16 {main}

Next CodeIgniter\Database\Exceptions\DatabaseException: php_network_getaddresses: getaddrinfo failed: Host desconocido.  in C:\xampp\htdocs\PROYECTO\backend\vendor\codeigniter4\framework\system\Database\MySQLi\Connection.php:215
Stack trace:
#0 C:\xampp\htdocs\PROYECTO\backend\vendor\codeigniter4\framework\system\Database\BaseConnection.php(382): CodeIgniter\Database\MySQLi\Connection->connect(false)
#1 C:\xampp\htdocs\PROYECTO\backend\vendor\codeigniter4\framework\system\Database\BaseConnection.php(588): CodeIgniter\Database\BaseConnection->initialize()
#2 C:\xampp\htdocs\PROYECTO\backend\vendor\codeigniter4\framework\system\Database\BaseConnection.php(1387): CodeIgniter\Database\BaseConnection->query('SHOW TABLES FRO...')
#3 C:\xampp\htdocs\PROYECTO\backend\vendor\codeigniter4\framework\system\Database\BaseConnection.php(1421): CodeIgniter\Database\BaseConnection->listTables()
#4 C:\xampp\htdocs\PROYECTO\backend\vendor\codeigniter4\framework\system\Database\MigrationRunner.php(759): CodeIgniter\Database\BaseConnection->tableExists('migrations')
#5 C:\xampp\htdocs\PROYECTO\backend\vendor\codeigniter4\framework\system\Database\MigrationRunner.php(639): CodeIgniter\Database\MigrationRunner->ensureTable()
#6 C:\xampp\htdocs\PROYECTO\backend\vendor\codeigniter4\framework\system\Commands\Database\MigrateStatus.php(112): CodeIgniter\Database\MigrationRunner->getHistory('')
#7 C:\xampp\htdocs\PROYECTO\backend\vendor\codeigniter4\framework\system\CLI\Commands.php(63): CodeIgniter\Commands\Database\MigrateStatus->run(Array)
#8 C:\xampp\htdocs\PROYECTO\backend\vendor\codeigniter4\framework\system\CLI\CommandRunner.php(65): CodeIgniter\CLI\Commands->run('migrate:status', Array)
#9 C:\xampp\htdocs\PROYECTO\backend\vendor\codeigniter4\framework\system\CLI\CommandRunner.php(51): CodeIgniter\CLI\CommandRunner->index(Array)
#10 C:\xampp\htdocs\PROYECTO\backend\vendor\codeigniter4\framework\system\CodeIgniter.php(895): CodeIgniter\CLI\CommandRunner->_remap('index', Array)
#11 C:\xampp\htdocs\PROYECTO\backend\vendor\codeigniter4\framework\system\CodeIgniter.php(457): CodeIgniter\CodeIgniter->runController(Object(CodeIgniter\CLI\CommandRunner))
#12 C:\xampp\htdocs\PROYECTO\backend\vendor\codeigniter4\framework\system\CodeIgniter.php(336): CodeIgniter\CodeIgniter->handleRequest(NULL, Object(Config\Cache), false)
#13 C:\xampp\htdocs\PROYECTO\backend\vendor\codeigniter4\framework\system\CLI\Console.php(48): CodeIgniter\CodeIgniter->run()
#14 C:\xampp\htdocs\PROYECTO\backend\spark(98): CodeIgniter\CLI\Console->run()
#15 {main}
CRITICAL - 2022-10-27 13:11:26 --> Unable to connect to the database.
Main connection [MySQLi]: php_network_getaddresses: getaddrinfo failed: Host desconocido. 
in SYSTEMPATH\Database\BaseConnection.php on line 418.
 1 SYSTEMPATH\Database\BaseConnection.php(588): CodeIgniter\Database\BaseConnection->initialize()
 2 SYSTEMPATH\Database\BaseConnection.php(1387): CodeIgniter\Database\BaseConnection->query('SHOW TABLES FROM `banco-de-tiempo`')
 3 SYSTEMPATH\Database\BaseConnection.php(1421): CodeIgniter\Database\BaseConnection->listTables()
 4 SYSTEMPATH\Database\MigrationRunner.php(759): CodeIgniter\Database\BaseConnection->tableExists('migrations')
 5 SYSTEMPATH\Database\MigrationRunner.php(639): CodeIgniter\Database\MigrationRunner->ensureTable()
 6 SYSTEMPATH\Commands\Database\MigrateStatus.php(112): CodeIgniter\Database\MigrationRunner->getHistory('ROOTPATH\\public')
 7 SYSTEMPATH\CLI\Commands.php(63): CodeIgniter\Commands\Database\MigrateStatus->run([])
 8 SYSTEMPATH\CLI\CommandRunner.php(65): CodeIgniter\CLI\Commands->run('migrate:status', [])
 9 SYSTEMPATH\CLI\CommandRunner.php(51): CodeIgniter\CLI\CommandRunner->index([])
10 SYSTEMPATH\CodeIgniter.php(895): CodeIgniter\CLI\CommandRunner->_remap('index', [...])
11 SYSTEMPATH\CodeIgniter.php(457): CodeIgniter\CodeIgniter->runController(Object(CodeIgniter\CLI\CommandRunner))
12 SYSTEMPATH\CodeIgniter.php(336): CodeIgniter\CodeIgniter->handleRequest(null, Object(Config\Cache), false)
13 SYSTEMPATH\CLI\Console.php(48): CodeIgniter\CodeIgniter->run()
14 ROOTPATH\spark(98): CodeIgniter\CLI\Console->run()
